{"message":"::1 - - [27/Mar/2020:09:04:39 +0000] \"GET /?login=&x=142&y=89 HTTP/1.1\" 200 2195 \"http://localhost:3000/?login=&x=0&y=0\" \"Mozilla/5.0 (X11; Linux x86_64; rv:74.0) Gecko/20100101 Firefox/74.0\"\n","level":"info","service":"user-service"}
{"message":"::1 - - [27/Mar/2020:09:04:40 +0000] \"GET /stylesheets/style.css HTTP/1.1\" 304 - \"http://localhost:3000/?login=&x=142&y=89\" \"Mozilla/5.0 (X11; Linux x86_64; rv:74.0) Gecko/20100101 Firefox/74.0\"\n","level":"info","service":"user-service"}
{"message":"::1 - - [27/Mar/2020:09:04:40 +0000] \"GET /uploader.js HTTP/1.1\" 404 963 \"http://localhost:3000/?login=&x=142&y=89\" \"Mozilla/5.0 (X11; Linux x86_64; rv:74.0) Gecko/20100101 Firefox/74.0\"\n","level":"info","service":"user-service"}
{"message":"::1 - - [27/Mar/2020:09:04:40 +0000] \"GET /images/siluet.jpg HTTP/1.1\" 304 - \"http://localhost:3000/?login=&x=142&y=89\" \"Mozilla/5.0 (X11; Linux x86_64; rv:74.0) Gecko/20100101 Firefox/74.0\"\n","level":"info","service":"user-service"}
{"message":"::1 - - [27/Mar/2020:09:42:13 +0000] \"GET /?login=&x=142&y=89 HTTP/1.1\" 200 2191 \"http://localhost:3000/?login=&x=0&y=0\" \"Mozilla/5.0 (X11; Linux x86_64; rv:74.0) Gecko/20100101 Firefox/74.0\"\n","level":"info","service":"user-service"}
{"message":"::1 - - [27/Mar/2020:09:42:13 +0000] \"GET /stylesheets/style.css HTTP/1.1\" 200 443 \"http://localhost:3000/?login=&x=142&y=89\" \"Mozilla/5.0 (X11; Linux x86_64; rv:74.0) Gecko/20100101 Firefox/74.0\"\n","level":"info","service":"user-service"}
{"message":"::1 - - [27/Mar/2020:09:42:14 +0000] \"GET /uploader.js HTTP/1.1\" 404 963 \"http://localhost:3000/?login=&x=142&y=89\" \"Mozilla/5.0 (X11; Linux x86_64; rv:74.0) Gecko/20100101 Firefox/74.0\"\n","level":"info","service":"user-service"}
{"message":"::1 - - [27/Mar/2020:09:42:14 +0000] \"GET /images/siluet.jpg HTTP/1.1\" 200 17208 \"http://localhost:3000/?login=&x=142&y=89\" \"Mozilla/5.0 (X11; Linux x86_64; rv:74.0) Gecko/20100101 Firefox/74.0\"\n","level":"info","service":"user-service"}
{"message":"::1 - - [27/Mar/2020:09:42:14 +0000] \"GET /favicon.ico HTTP/1.1\" 404 963 \"-\" \"Mozilla/5.0 (X11; Linux x86_64; rv:74.0) Gecko/20100101 Firefox/74.0\"\n","level":"info","service":"user-service"}
{"message":"::1 - - [27/Mar/2020:09:43:59 +0000] \"GET /?login=&x=142&y=89 HTTP/1.1\" 200 2181 \"http://localhost:3000/?login=&x=0&y=0\" \"Mozilla/5.0 (X11; Linux x86_64; rv:74.0) Gecko/20100101 Firefox/74.0\"\n","level":"info","service":"user-service"}
{"message":"::1 - - [27/Mar/2020:09:43:59 +0000] \"GET /stylesheets/style.css HTTP/1.1\" 304 - \"http://localhost:3000/?login=&x=142&y=89\" \"Mozilla/5.0 (X11; Linux x86_64; rv:74.0) Gecko/20100101 Firefox/74.0\"\n","level":"info","service":"user-service"}
{"message":"::1 - - [27/Mar/2020:09:43:59 +0000] \"GET /uploader.js HTTP/1.1\" 404 963 \"http://localhost:3000/?login=&x=142&y=89\" \"Mozilla/5.0 (X11; Linux x86_64; rv:74.0) Gecko/20100101 Firefox/74.0\"\n","level":"info","service":"user-service"}
{"message":"::1 - - [27/Mar/2020:09:43:59 +0000] \"GET /images/siluet.jpg HTTP/1.1\" 304 - \"http://localhost:3000/?login=&x=142&y=89\" \"Mozilla/5.0 (X11; Linux x86_64; rv:74.0) Gecko/20100101 Firefox/74.0\"\n","level":"info","service":"user-service"}
{"message":"::1 - - [27/Mar/2020:09:44:50 +0000] \"GET /?login=&x=142&y=89 HTTP/1.1\" 200 2154 \"http://localhost:3000/?login=&x=0&y=0\" \"Mozilla/5.0 (X11; Linux x86_64; rv:74.0) Gecko/20100101 Firefox/74.0\"\n","level":"info","service":"user-service"}
{"message":"::1 - - [27/Mar/2020:09:44:51 +0000] \"GET /uploader.js HTTP/1.1\" 404 963 \"http://localhost:3000/?login=&x=142&y=89\" \"Mozilla/5.0 (X11; Linux x86_64; rv:74.0) Gecko/20100101 Firefox/74.0\"\n","level":"info","service":"user-service"}
{"message":"::1 - - [27/Mar/2020:09:44:51 +0000] \"GET /stylesheets/style.css HTTP/1.1\" 200 443 \"http://localhost:3000/?login=&x=142&y=89\" \"Mozilla/5.0 (X11; Linux x86_64; rv:74.0) Gecko/20100101 Firefox/74.0\"\n","level":"info","service":"user-service"}
{"message":"::1 - - [27/Mar/2020:09:44:51 +0000] \"GET /images/siluet.jpg HTTP/1.1\" 200 17208 \"http://localhost:3000/?login=&x=142&y=89\" \"Mozilla/5.0 (X11; Linux x86_64; rv:74.0) Gecko/20100101 Firefox/74.0\"\n","level":"info","service":"user-service"}
{"message":"::1 - - [27/Mar/2020:09:53:54 +0000] \"GET /?login=&x=142&y=89 HTTP/1.1\" 304 - \"http://localhost:3000/?login=&x=0&y=0\" \"Mozilla/5.0 (X11; Linux x86_64; rv:74.0) Gecko/20100101 Firefox/74.0\"\n","level":"info","service":"user-service"}
{"message":"::1 - - [27/Mar/2020:09:53:54 +0000] \"GET /stylesheets/style.css HTTP/1.1\" 304 - \"http://localhost:3000/?login=&x=142&y=89\" \"Mozilla/5.0 (X11; Linux x86_64; rv:74.0) Gecko/20100101 Firefox/74.0\"\n","level":"info","service":"user-service"}
{"message":"::1 - - [27/Mar/2020:09:53:54 +0000] \"GET /uploader.js HTTP/1.1\" 404 963 \"http://localhost:3000/?login=&x=142&y=89\" \"Mozilla/5.0 (X11; Linux x86_64; rv:74.0) Gecko/20100101 Firefox/74.0\"\n","level":"info","service":"user-service"}
{"message":"::1 - - [27/Mar/2020:09:53:54 +0000] \"GET /images/siluet.jpg HTTP/1.1\" 304 - \"http://localhost:3000/?login=&x=142&y=89\" \"Mozilla/5.0 (X11; Linux x86_64; rv:74.0) Gecko/20100101 Firefox/74.0\"\n","level":"info","service":"user-service"}
{"message":"::1 - - [27/Mar/2020:09:55:44 +0000] \"POST /upload HTTP/1.1\" 404 963 \"http://localhost:3000/?login=&x=142&y=89\" \"Mozilla/5.0 (X11; Linux x86_64; rv:74.0) Gecko/20100101 Firefox/74.0\"\n","level":"info","service":"user-service"}
{"message":"::1 - - [27/Mar/2020:09:59:17 +0000] \"GET /?login=&x=142&y=89 HTTP/1.1\" 304 - \"http://localhost:3000/?login=&x=0&y=0\" \"Mozilla/5.0 (X11; Linux x86_64; rv:74.0) Gecko/20100101 Firefox/74.0\"\n","level":"info","service":"user-service"}
{"message":"::1 - - [27/Mar/2020:09:59:17 +0000] \"GET /stylesheets/style.css HTTP/1.1\" 200 449 \"http://localhost:3000/?login=&x=142&y=89\" \"Mozilla/5.0 (X11; Linux x86_64; rv:74.0) Gecko/20100101 Firefox/74.0\"\n","level":"info","service":"user-service"}
{"message":"::1 - - [27/Mar/2020:09:59:17 +0000] \"GET /uploader.js HTTP/1.1\" 404 963 \"http://localhost:3000/?login=&x=142&y=89\" \"Mozilla/5.0 (X11; Linux x86_64; rv:74.0) Gecko/20100101 Firefox/74.0\"\n","level":"info","service":"user-service"}
{"message":"::1 - - [27/Mar/2020:09:59:17 +0000] \"GET /images/siluet.jpg HTTP/1.1\" 304 - \"http://localhost:3000/?login=&x=142&y=89\" \"Mozilla/5.0 (X11; Linux x86_64; rv:74.0) Gecko/20100101 Firefox/74.0\"\n","level":"info","service":"user-service"}
{"message":"::1 - - [27/Mar/2020:10:09:27 +0000] \"GET /?login=&x=142&y=89 HTTP/1.1\" 304 - \"http://localhost:3000/?login=&x=0&y=0\" \"Mozilla/5.0 (X11; Linux x86_64; rv:74.0) Gecko/20100101 Firefox/74.0\"\n","level":"info","service":"user-service"}
{"message":"::1 - - [27/Mar/2020:10:09:27 +0000] \"GET /stylesheets/style.css HTTP/1.1\" 200 484 \"http://localhost:3000/?login=&x=142&y=89\" \"Mozilla/5.0 (X11; Linux x86_64; rv:74.0) Gecko/20100101 Firefox/74.0\"\n","level":"info","service":"user-service"}
{"message":"::1 - - [27/Mar/2020:10:09:27 +0000] \"GET /uploader.js HTTP/1.1\" 404 963 \"http://localhost:3000/?login=&x=142&y=89\" \"Mozilla/5.0 (X11; Linux x86_64; rv:74.0) Gecko/20100101 Firefox/74.0\"\n","level":"info","service":"user-service"}
{"message":"::1 - - [27/Mar/2020:10:09:27 +0000] \"GET /images/siluet.jpg HTTP/1.1\" 304 - \"http://localhost:3000/?login=&x=142&y=89\" \"Mozilla/5.0 (X11; Linux x86_64; rv:74.0) Gecko/20100101 Firefox/74.0\"\n","level":"info","service":"user-service"}
{"message":"::1 - - [27/Mar/2020:10:09:57 +0000] \"GET /?login=&x=142&y=89 HTTP/1.1\" 304 - \"http://localhost:3000/?login=&x=0&y=0\" \"Mozilla/5.0 (X11; Linux x86_64; rv:74.0) Gecko/20100101 Firefox/74.0\"\n","level":"info","service":"user-service"}
{"message":"::1 - - [27/Mar/2020:10:09:58 +0000] \"GET /stylesheets/style.css HTTP/1.1\" 200 481 \"http://localhost:3000/?login=&x=142&y=89\" \"Mozilla/5.0 (X11; Linux x86_64; rv:74.0) Gecko/20100101 Firefox/74.0\"\n","level":"info","service":"user-service"}
{"message":"::1 - - [27/Mar/2020:10:09:58 +0000] \"GET /uploader.js HTTP/1.1\" 404 963 \"http://localhost:3000/?login=&x=142&y=89\" \"Mozilla/5.0 (X11; Linux x86_64; rv:74.0) Gecko/20100101 Firefox/74.0\"\n","level":"info","service":"user-service"}
{"message":"::1 - - [27/Mar/2020:10:09:58 +0000] \"GET /images/siluet.jpg HTTP/1.1\" 304 - \"http://localhost:3000/?login=&x=142&y=89\" \"Mozilla/5.0 (X11; Linux x86_64; rv:74.0) Gecko/20100101 Firefox/74.0\"\n","level":"info","service":"user-service"}
{"message":"::1 - - [27/Mar/2020:10:14:05 +0000] \"GET /?login=&x=142&y=89 HTTP/1.1\" 304 - \"http://localhost:3000/?login=&x=0&y=0\" \"Mozilla/5.0 (X11; Linux x86_64; rv:74.0) Gecko/20100101 Firefox/74.0\"\n","level":"info","service":"user-service"}
{"message":"::1 - - [27/Mar/2020:10:14:05 +0000] \"GET /stylesheets/style.css HTTP/1.1\" 200 481 \"http://localhost:3000/?login=&x=142&y=89\" \"Mozilla/5.0 (X11; Linux x86_64; rv:74.0) Gecko/20100101 Firefox/74.0\"\n","level":"info","service":"user-service"}
{"message":"::1 - - [27/Mar/2020:10:14:05 +0000] \"GET /uploader.js HTTP/1.1\" 404 963 \"http://localhost:3000/?login=&x=142&y=89\" \"Mozilla/5.0 (X11; Linux x86_64; rv:74.0) Gecko/20100101 Firefox/74.0\"\n","level":"info","service":"user-service"}
{"message":"::1 - - [27/Mar/2020:10:14:06 +0000] \"GET /images/siluet.jpg HTTP/1.1\" 304 - \"http://localhost:3000/?login=&x=142&y=89\" \"Mozilla/5.0 (X11; Linux x86_64; rv:74.0) Gecko/20100101 Firefox/74.0\"\n","level":"info","service":"user-service"}
{"message":"::1 - - [27/Mar/2020:10:14:13 +0000] \"GET /?login=&x=142&y=89 HTTP/1.1\" 304 - \"http://localhost:3000/?login=&x=0&y=0\" \"Mozilla/5.0 (X11; Linux x86_64; rv:74.0) Gecko/20100101 Firefox/74.0\"\n","level":"info","service":"user-service"}
{"message":"::1 - - [27/Mar/2020:10:14:13 +0000] \"GET /?login=&x=142&y=89 HTTP/1.1\" 304 - \"http://localhost:3000/?login=&x=0&y=0\" \"Mozilla/5.0 (X11; Linux x86_64; rv:74.0) Gecko/20100101 Firefox/74.0\"\n","level":"info","service":"user-service"}
{"message":"::1 - - [27/Mar/2020:10:14:14 +0000] \"GET /?login=&x=142&y=89 HTTP/1.1\" 304 - \"http://localhost:3000/?login=&x=0&y=0\" \"Mozilla/5.0 (X11; Linux x86_64; rv:74.0) Gecko/20100101 Firefox/74.0\"\n","level":"info","service":"user-service"}
{"message":"::1 - - [27/Mar/2020:10:14:14 +0000] \"GET /stylesheets/style.css HTTP/1.1\" 304 - \"http://localhost:3000/?login=&x=142&y=89\" \"Mozilla/5.0 (X11; Linux x86_64; rv:74.0) Gecko/20100101 Firefox/74.0\"\n","level":"info","service":"user-service"}
{"message":"::1 - - [27/Mar/2020:10:14:14 +0000] \"GET /uploader.js HTTP/1.1\" 404 963 \"http://localhost:3000/?login=&x=142&y=89\" \"Mozilla/5.0 (X11; Linux x86_64; rv:74.0) Gecko/20100101 Firefox/74.0\"\n","level":"info","service":"user-service"}
{"message":"::1 - - [27/Mar/2020:10:14:14 +0000] \"GET /images/siluet.jpg HTTP/1.1\" 304 - \"http://localhost:3000/?login=&x=142&y=89\" \"Mozilla/5.0 (X11; Linux x86_64; rv:74.0) Gecko/20100101 Firefox/74.0\"\n","level":"info","service":"user-service"}
{"message":"::1 - - [27/Mar/2020:10:16:16 +0000] \"GET /?login=&x=142&y=89 HTTP/1.1\" 304 - \"http://localhost:3000/?login=&x=0&y=0\" \"Mozilla/5.0 (X11; Linux x86_64; rv:74.0) Gecko/20100101 Firefox/74.0\"\n","level":"info","service":"user-service"}
{"message":"::1 - - [27/Mar/2020:10:16:16 +0000] \"GET /stylesheets/style.css HTTP/1.1\" 200 478 \"http://localhost:3000/?login=&x=142&y=89\" \"Mozilla/5.0 (X11; Linux x86_64; rv:74.0) Gecko/20100101 Firefox/74.0\"\n","level":"info","service":"user-service"}
{"message":"::1 - - [27/Mar/2020:10:16:16 +0000] \"GET /uploader.js HTTP/1.1\" 404 963 \"http://localhost:3000/?login=&x=142&y=89\" \"Mozilla/5.0 (X11; Linux x86_64; rv:74.0) Gecko/20100101 Firefox/74.0\"\n","level":"info","service":"user-service"}
{"message":"::1 - - [27/Mar/2020:10:16:16 +0000] \"GET /images/siluet.jpg HTTP/1.1\" 304 - \"http://localhost:3000/?login=&x=142&y=89\" \"Mozilla/5.0 (X11; Linux x86_64; rv:74.0) Gecko/20100101 Firefox/74.0\"\n","level":"info","service":"user-service"}
{"message":"::1 - - [27/Mar/2020:10:16:18 +0000] \"GET /?login=&x=142&y=89 HTTP/1.1\" 304 - \"http://localhost:3000/?login=&x=0&y=0\" \"Mozilla/5.0 (X11; Linux x86_64; rv:74.0) Gecko/20100101 Firefox/74.0\"\n","level":"info","service":"user-service"}
{"message":"::1 - - [27/Mar/2020:10:16:18 +0000] \"GET /stylesheets/style.css HTTP/1.1\" 304 - \"http://localhost:3000/?login=&x=142&y=89\" \"Mozilla/5.0 (X11; Linux x86_64; rv:74.0) Gecko/20100101 Firefox/74.0\"\n","level":"info","service":"user-service"}
{"message":"::1 - - [27/Mar/2020:10:16:18 +0000] \"GET /uploader.js HTTP/1.1\" 404 963 \"http://localhost:3000/?login=&x=142&y=89\" \"Mozilla/5.0 (X11; Linux x86_64; rv:74.0) Gecko/20100101 Firefox/74.0\"\n","level":"info","service":"user-service"}
{"message":"::1 - - [27/Mar/2020:10:16:19 +0000] \"GET /?login=&x=142&y=89 HTTP/1.1\" 304 - \"http://localhost:3000/?login=&x=0&y=0\" \"Mozilla/5.0 (X11; Linux x86_64; rv:74.0) Gecko/20100101 Firefox/74.0\"\n","level":"info","service":"user-service"}
{"message":"::1 - - [27/Mar/2020:10:16:19 +0000] \"GET /stylesheets/style.css HTTP/1.1\" 304 - \"http://localhost:3000/?login=&x=142&y=89\" \"Mozilla/5.0 (X11; Linux x86_64; rv:74.0) Gecko/20100101 Firefox/74.0\"\n","level":"info","service":"user-service"}
{"message":"::1 - - [27/Mar/2020:10:16:19 +0000] \"GET /uploader.js HTTP/1.1\" 404 963 \"http://localhost:3000/?login=&x=142&y=89\" \"Mozilla/5.0 (X11; Linux x86_64; rv:74.0) Gecko/20100101 Firefox/74.0\"\n","level":"info","service":"user-service"}
{"message":"::1 - - [27/Mar/2020:10:16:19 +0000] \"GET /images/siluet.jpg HTTP/1.1\" 304 - \"http://localhost:3000/?login=&x=142&y=89\" \"Mozilla/5.0 (X11; Linux x86_64; rv:74.0) Gecko/20100101 Firefox/74.0\"\n","level":"info","service":"user-service"}
{"message":"::1 - - [27/Mar/2020:10:16:40 +0000] \"GET / HTTP/1.1\" 200 2154 \"-\" \"Mozilla/5.0 (X11; Linux x86_64; rv:74.0) Gecko/20100101 Firefox/74.0\"\n","level":"info","service":"user-service"}
{"message":"::1 - - [27/Mar/2020:10:16:40 +0000] \"GET /uploader.js HTTP/1.1\" 404 963 \"http://localhost:3000/\" \"Mozilla/5.0 (X11; Linux x86_64; rv:74.0) Gecko/20100101 Firefox/74.0\"\n","level":"info","service":"user-service"}
{"message":"::1 - - [27/Mar/2020:10:16:40 +0000] \"GET /stylesheets/style.css HTTP/1.1\" 200 478 \"http://localhost:3000/\" \"Mozilla/5.0 (X11; Linux x86_64; rv:74.0) Gecko/20100101 Firefox/74.0\"\n","level":"info","service":"user-service"}
{"message":"::1 - - [27/Mar/2020:10:16:41 +0000] \"GET /images/siluet.jpg HTTP/1.1\" 200 17208 \"http://localhost:3000/\" \"Mozilla/5.0 (X11; Linux x86_64; rv:74.0) Gecko/20100101 Firefox/74.0\"\n","level":"info","service":"user-service"}
{"message":"::1 - - [27/Mar/2020:10:16:52 +0000] \"GET / HTTP/1.1\" 304 - \"-\" \"Mozilla/5.0 (X11; Linux x86_64; rv:74.0) Gecko/20100101 Firefox/74.0\"\n","level":"info","service":"user-service"}
{"message":"::1 - - [27/Mar/2020:10:16:52 +0000] \"GET /stylesheets/style.css HTTP/1.1\" 304 - \"http://localhost:3000/\" \"Mozilla/5.0 (X11; Linux x86_64; rv:74.0) Gecko/20100101 Firefox/74.0\"\n","level":"info","service":"user-service"}
{"message":"::1 - - [27/Mar/2020:10:16:52 +0000] \"GET /uploader.js HTTP/1.1\" 404 963 \"http://localhost:3000/\" \"Mozilla/5.0 (X11; Linux x86_64; rv:74.0) Gecko/20100101 Firefox/74.0\"\n","level":"info","service":"user-service"}
{"message":"::1 - - [27/Mar/2020:10:16:52 +0000] \"GET /images/siluet.jpg HTTP/1.1\" 304 - \"http://localhost:3000/\" \"Mozilla/5.0 (X11; Linux x86_64; rv:74.0) Gecko/20100101 Firefox/74.0\"\n","level":"info","service":"user-service"}
{"message":"::1 - - [27/Mar/2020:10:17:17 +0000] \"GET / HTTP/1.1\" 304 - \"-\" \"Mozilla/5.0 (X11; Linux x86_64; rv:74.0) Gecko/20100101 Firefox/74.0\"\n","level":"info","service":"user-service"}
{"message":"::1 - - [27/Mar/2020:10:17:17 +0000] \"GET /stylesheets/style.css HTTP/1.1\" 200 475 \"http://localhost:3000/\" \"Mozilla/5.0 (X11; Linux x86_64; rv:74.0) Gecko/20100101 Firefox/74.0\"\n","level":"info","service":"user-service"}
{"message":"::1 - - [27/Mar/2020:10:17:17 +0000] \"GET /uploader.js HTTP/1.1\" 404 963 \"http://localhost:3000/\" \"Mozilla/5.0 (X11; Linux x86_64; rv:74.0) Gecko/20100101 Firefox/74.0\"\n","level":"info","service":"user-service"}
{"message":"::1 - - [27/Mar/2020:10:17:18 +0000] \"GET /images/siluet.jpg HTTP/1.1\" 304 - \"http://localhost:3000/\" \"Mozilla/5.0 (X11; Linux x86_64; rv:74.0) Gecko/20100101 Firefox/74.0\"\n","level":"info","service":"user-service"}
{"message":"::1 - - [27/Mar/2020:10:18:29 +0000] \"GET / HTTP/1.1\" 304 - \"-\" \"Mozilla/5.0 (X11; Linux x86_64; rv:74.0) Gecko/20100101 Firefox/74.0\"\n","level":"info","service":"user-service"}
{"message":"::1 - - [27/Mar/2020:10:18:29 +0000] \"GET /stylesheets/style.css HTTP/1.1\" 200 478 \"http://localhost:3000/\" \"Mozilla/5.0 (X11; Linux x86_64; rv:74.0) Gecko/20100101 Firefox/74.0\"\n","level":"info","service":"user-service"}
{"message":"::1 - - [27/Mar/2020:10:18:29 +0000] \"GET /uploader.js HTTP/1.1\" 404 963 \"http://localhost:3000/\" \"Mozilla/5.0 (X11; Linux x86_64; rv:74.0) Gecko/20100101 Firefox/74.0\"\n","level":"info","service":"user-service"}
{"message":"::1 - - [27/Mar/2020:10:18:30 +0000] \"GET /images/siluet.jpg HTTP/1.1\" 304 - \"http://localhost:3000/\" \"Mozilla/5.0 (X11; Linux x86_64; rv:74.0) Gecko/20100101 Firefox/74.0\"\n","level":"info","service":"user-service"}
{"message":"::1 - - [27/Mar/2020:10:18:43 +0000] \"GET / HTTP/1.1\" 304 - \"-\" \"Mozilla/5.0 (X11; Linux x86_64; rv:74.0) Gecko/20100101 Firefox/74.0\"\n","level":"info","service":"user-service"}
{"message":"::1 - - [27/Mar/2020:10:18:43 +0000] \"GET /stylesheets/style.css HTTP/1.1\" 304 - \"http://localhost:3000/\" \"Mozilla/5.0 (X11; Linux x86_64; rv:74.0) Gecko/20100101 Firefox/74.0\"\n","level":"info","service":"user-service"}
{"message":"::1 - - [27/Mar/2020:10:18:43 +0000] \"GET /uploader.js HTTP/1.1\" 404 963 \"http://localhost:3000/\" \"Mozilla/5.0 (X11; Linux x86_64; rv:74.0) Gecko/20100101 Firefox/74.0\"\n","level":"info","service":"user-service"}
{"message":"::1 - - [27/Mar/2020:10:18:43 +0000] \"GET /images/siluet.jpg HTTP/1.1\" 304 - \"http://localhost:3000/\" \"Mozilla/5.0 (X11; Linux x86_64; rv:74.0) Gecko/20100101 Firefox/74.0\"\n","level":"info","service":"user-service"}
{"message":"::1 - - [27/Mar/2020:10:19:01 +0000] \"GET / HTTP/1.1\" 304 - \"-\" \"Mozilla/5.0 (X11; Linux x86_64; rv:74.0) Gecko/20100101 Firefox/74.0\"\n","level":"info","service":"user-service"}
{"message":"::1 - - [27/Mar/2020:10:19:01 +0000] \"GET /stylesheets/style.css HTTP/1.1\" 200 473 \"http://localhost:3000/\" \"Mozilla/5.0 (X11; Linux x86_64; rv:74.0) Gecko/20100101 Firefox/74.0\"\n","level":"info","service":"user-service"}
{"message":"::1 - - [27/Mar/2020:10:19:01 +0000] \"GET /uploader.js HTTP/1.1\" 404 963 \"http://localhost:3000/\" \"Mozilla/5.0 (X11; Linux x86_64; rv:74.0) Gecko/20100101 Firefox/74.0\"\n","level":"info","service":"user-service"}
{"message":"::1 - - [27/Mar/2020:10:19:01 +0000] \"GET /images/siluet.jpg HTTP/1.1\" 304 - \"http://localhost:3000/\" \"Mozilla/5.0 (X11; Linux x86_64; rv:74.0) Gecko/20100101 Firefox/74.0\"\n","level":"info","service":"user-service"}
{"message":"::1 - - [27/Mar/2020:10:19:45 +0000] \"GET / HTTP/1.1\" 304 - \"-\" \"Mozilla/5.0 (X11; Linux x86_64; rv:74.0) Gecko/20100101 Firefox/74.0\"\n","level":"info","service":"user-service"}
{"message":"::1 - - [27/Mar/2020:10:19:45 +0000] \"GET /stylesheets/style.css HTTP/1.1\" 200 474 \"http://localhost:3000/\" \"Mozilla/5.0 (X11; Linux x86_64; rv:74.0) Gecko/20100101 Firefox/74.0\"\n","level":"info","service":"user-service"}
{"message":"::1 - - [27/Mar/2020:10:19:45 +0000] \"GET /uploader.js HTTP/1.1\" 404 963 \"http://localhost:3000/\" \"Mozilla/5.0 (X11; Linux x86_64; rv:74.0) Gecko/20100101 Firefox/74.0\"\n","level":"info","service":"user-service"}
{"message":"::1 - - [27/Mar/2020:10:19:45 +0000] \"GET /images/siluet.jpg HTTP/1.1\" 304 - \"http://localhost:3000/\" \"Mozilla/5.0 (X11; Linux x86_64; rv:74.0) Gecko/20100101 Firefox/74.0\"\n","level":"info","service":"user-service"}
{"message":"::1 - - [27/Mar/2020:10:39:27 +0000] \"GET / HTTP/1.1\" 304 - \"-\" \"Mozilla/5.0 (X11; Linux x86_64; rv:74.0) Gecko/20100101 Firefox/74.0\"\n","level":"info","service":"user-service"}
{"message":"::1 - - [27/Mar/2020:10:39:27 +0000] \"GET /stylesheets/style.css HTTP/1.1\" 304 - \"http://localhost:3000/\" \"Mozilla/5.0 (X11; Linux x86_64; rv:74.0) Gecko/20100101 Firefox/74.0\"\n","level":"info","service":"user-service"}
{"message":"::1 - - [27/Mar/2020:10:39:27 +0000] \"GET /uploader.js HTTP/1.1\" 404 963 \"http://localhost:3000/\" \"Mozilla/5.0 (X11; Linux x86_64; rv:74.0) Gecko/20100101 Firefox/74.0\"\n","level":"info","service":"user-service"}
{"message":"::1 - - [27/Mar/2020:10:39:28 +0000] \"GET /images/siluet.jpg HTTP/1.1\" 304 - \"http://localhost:3000/\" \"Mozilla/5.0 (X11; Linux x86_64; rv:74.0) Gecko/20100101 Firefox/74.0\"\n","level":"info","service":"user-service"}
{"message":"::1 - - [27/Mar/2020:10:40:22 +0000] \"GET / HTTP/1.1\" 304 - \"-\" \"Mozilla/5.0 (X11; Linux x86_64; rv:74.0) Gecko/20100101 Firefox/74.0\"\n","level":"info","service":"user-service"}
{"message":"::1 - - [27/Mar/2020:10:40:22 +0000] \"GET /stylesheets/style.css HTTP/1.1\" 200 474 \"http://localhost:3000/\" \"Mozilla/5.0 (X11; Linux x86_64; rv:74.0) Gecko/20100101 Firefox/74.0\"\n","level":"info","service":"user-service"}
{"message":"::1 - - [27/Mar/2020:10:40:22 +0000] \"GET /uploader.js HTTP/1.1\" 404 963 \"http://localhost:3000/\" \"Mozilla/5.0 (X11; Linux x86_64; rv:74.0) Gecko/20100101 Firefox/74.0\"\n","level":"info","service":"user-service"}
{"message":"::1 - - [27/Mar/2020:10:40:22 +0000] \"GET /images/siluet.jpg HTTP/1.1\" 304 - \"http://localhost:3000/\" \"Mozilla/5.0 (X11; Linux x86_64; rv:74.0) Gecko/20100101 Firefox/74.0\"\n","level":"info","service":"user-service"}
{"message":"::1 - - [27/Mar/2020:10:40:44 +0000] \"GET / HTTP/1.1\" 304 - \"-\" \"Mozilla/5.0 (X11; Linux x86_64; rv:74.0) Gecko/20100101 Firefox/74.0\"\n","level":"info","service":"user-service"}
{"message":"::1 - - [27/Mar/2020:10:40:44 +0000] \"GET /stylesheets/style.css HTTP/1.1\" 200 475 \"http://localhost:3000/\" \"Mozilla/5.0 (X11; Linux x86_64; rv:74.0) Gecko/20100101 Firefox/74.0\"\n","level":"info","service":"user-service"}
{"message":"::1 - - [27/Mar/2020:10:40:44 +0000] \"GET /uploader.js HTTP/1.1\" 404 963 \"http://localhost:3000/\" \"Mozilla/5.0 (X11; Linux x86_64; rv:74.0) Gecko/20100101 Firefox/74.0\"\n","level":"info","service":"user-service"}
{"message":"::1 - - [27/Mar/2020:10:40:45 +0000] \"GET /images/siluet.jpg HTTP/1.1\" 304 - \"http://localhost:3000/\" \"Mozilla/5.0 (X11; Linux x86_64; rv:74.0) Gecko/20100101 Firefox/74.0\"\n","level":"info","service":"user-service"}
{"message":"::1 - - [27/Mar/2020:10:43:46 +0000] \"GET / HTTP/1.1\" 304 - \"-\" \"Mozilla/5.0 (X11; Linux x86_64; rv:74.0) Gecko/20100101 Firefox/74.0\"\n","level":"info","service":"user-service"}
{"message":"::1 - - [27/Mar/2020:10:43:46 +0000] \"GET /stylesheets/style.css HTTP/1.1\" 200 474 \"http://localhost:3000/\" \"Mozilla/5.0 (X11; Linux x86_64; rv:74.0) Gecko/20100101 Firefox/74.0\"\n","level":"info","service":"user-service"}
{"message":"::1 - - [27/Mar/2020:10:43:46 +0000] \"GET /uploader.js HTTP/1.1\" 404 963 \"http://localhost:3000/\" \"Mozilla/5.0 (X11; Linux x86_64; rv:74.0) Gecko/20100101 Firefox/74.0\"\n","level":"info","service":"user-service"}
{"message":"::1 - - [27/Mar/2020:10:43:46 +0000] \"GET /images/siluet.jpg HTTP/1.1\" 304 - \"http://localhost:3000/\" \"Mozilla/5.0 (X11; Linux x86_64; rv:74.0) Gecko/20100101 Firefox/74.0\"\n","level":"info","service":"user-service"}
{"message":"::1 - - [27/Mar/2020:10:46:44 +0000] \"GET / HTTP/1.1\" 200 2149 \"-\" \"Mozilla/5.0 (X11; Linux x86_64; rv:74.0) Gecko/20100101 Firefox/74.0\"\n","level":"info","service":"user-service"}
{"message":"::1 - - [27/Mar/2020:10:46:44 +0000] \"GET /stylesheets/style.css HTTP/1.1\" 304 - \"http://localhost:3000/\" \"Mozilla/5.0 (X11; Linux x86_64; rv:74.0) Gecko/20100101 Firefox/74.0\"\n","level":"info","service":"user-service"}
{"message":"::1 - - [27/Mar/2020:10:46:44 +0000] \"GET /uploader.js HTTP/1.1\" 404 963 \"http://localhost:3000/\" \"Mozilla/5.0 (X11; Linux x86_64; rv:74.0) Gecko/20100101 Firefox/74.0\"\n","level":"info","service":"user-service"}
{"message":"::1 - - [27/Mar/2020:10:46:44 +0000] \"GET /images/siluet.jpg HTTP/1.1\" 304 - \"http://localhost:3000/\" \"Mozilla/5.0 (X11; Linux x86_64; rv:74.0) Gecko/20100101 Firefox/74.0\"\n","level":"info","service":"user-service"}
{"message":"::1 - - [27/Mar/2020:10:47:39 +0000] \"GET / HTTP/1.1\" 200 2151 \"-\" \"Mozilla/5.0 (X11; Linux x86_64; rv:74.0) Gecko/20100101 Firefox/74.0\"\n","level":"info","service":"user-service"}
{"message":"::1 - - [27/Mar/2020:10:47:40 +0000] \"GET /stylesheets/style.css HTTP/1.1\" 304 - \"http://localhost:3000/\" \"Mozilla/5.0 (X11; Linux x86_64; rv:74.0) Gecko/20100101 Firefox/74.0\"\n","level":"info","service":"user-service"}
{"message":"::1 - - [27/Mar/2020:10:47:40 +0000] \"GET /uploader.js HTTP/1.1\" 404 963 \"http://localhost:3000/\" \"Mozilla/5.0 (X11; Linux x86_64; rv:74.0) Gecko/20100101 Firefox/74.0\"\n","level":"info","service":"user-service"}
{"message":"::1 - - [27/Mar/2020:10:47:40 +0000] \"GET /images/siluet.jpg HTTP/1.1\" 304 - \"http://localhost:3000/\" \"Mozilla/5.0 (X11; Linux x86_64; rv:74.0) Gecko/20100101 Firefox/74.0\"\n","level":"info","service":"user-service"}
{"message":"::1 - - [27/Mar/2020:10:48:26 +0000] \"GET / HTTP/1.1\" 304 - \"-\" \"Mozilla/5.0 (X11; Linux x86_64; rv:74.0) Gecko/20100101 Firefox/74.0\"\n","level":"info","service":"user-service"}
{"message":"::1 - - [27/Mar/2020:10:48:27 +0000] \"GET /stylesheets/style.css HTTP/1.1\" 200 476 \"http://localhost:3000/\" \"Mozilla/5.0 (X11; Linux x86_64; rv:74.0) Gecko/20100101 Firefox/74.0\"\n","level":"info","service":"user-service"}
{"message":"::1 - - [27/Mar/2020:10:48:27 +0000] \"GET /uploader.js HTTP/1.1\" 404 963 \"http://localhost:3000/\" \"Mozilla/5.0 (X11; Linux x86_64; rv:74.0) Gecko/20100101 Firefox/74.0\"\n","level":"info","service":"user-service"}
{"message":"::1 - - [27/Mar/2020:10:48:27 +0000] \"GET /images/siluet.jpg HTTP/1.1\" 304 - \"http://localhost:3000/\" \"Mozilla/5.0 (X11; Linux x86_64; rv:74.0) Gecko/20100101 Firefox/74.0\"\n","level":"info","service":"user-service"}
{"message":"::1 - - [27/Mar/2020:10:48:50 +0000] \"GET / HTTP/1.1\" 304 - \"-\" \"Mozilla/5.0 (X11; Linux x86_64; rv:74.0) Gecko/20100101 Firefox/74.0\"\n","level":"info","service":"user-service"}
{"message":"::1 - - [27/Mar/2020:10:48:50 +0000] \"GET /stylesheets/style.css HTTP/1.1\" 200 479 \"http://localhost:3000/\" \"Mozilla/5.0 (X11; Linux x86_64; rv:74.0) Gecko/20100101 Firefox/74.0\"\n","level":"info","service":"user-service"}
{"message":"::1 - - [27/Mar/2020:10:48:50 +0000] \"GET /uploader.js HTTP/1.1\" 404 963 \"http://localhost:3000/\" \"Mozilla/5.0 (X11; Linux x86_64; rv:74.0) Gecko/20100101 Firefox/74.0\"\n","level":"info","service":"user-service"}
{"message":"::1 - - [27/Mar/2020:10:48:50 +0000] \"GET /images/siluet.jpg HTTP/1.1\" 304 - \"http://localhost:3000/\" \"Mozilla/5.0 (X11; Linux x86_64; rv:74.0) Gecko/20100101 Firefox/74.0\"\n","level":"info","service":"user-service"}
{"message":"::1 - - [27/Mar/2020:11:08:33 +0000] \"GET / HTTP/1.1\" 304 - \"-\" \"Mozilla/5.0 (X11; Linux x86_64; rv:74.0) Gecko/20100101 Firefox/74.0\"\n","level":"info","service":"user-service"}
{"message":"::1 - - [27/Mar/2020:11:08:33 +0000] \"GET /stylesheets/style.css HTTP/1.1\" 200 489 \"http://localhost:3000/\" \"Mozilla/5.0 (X11; Linux x86_64; rv:74.0) Gecko/20100101 Firefox/74.0\"\n","level":"info","service":"user-service"}
{"message":"::1 - - [27/Mar/2020:11:08:33 +0000] \"GET /uploader.js HTTP/1.1\" 404 963 \"http://localhost:3000/\" \"Mozilla/5.0 (X11; Linux x86_64; rv:74.0) Gecko/20100101 Firefox/74.0\"\n","level":"info","service":"user-service"}
{"message":"::1 - - [27/Mar/2020:11:08:33 +0000] \"GET /images/siluet.jpg HTTP/1.1\" 304 - \"http://localhost:3000/\" \"Mozilla/5.0 (X11; Linux x86_64; rv:74.0) Gecko/20100101 Firefox/74.0\"\n","level":"info","service":"user-service"}
{"message":"::1 - - [27/Mar/2020:11:14:03 +0000] \"GET /?login=&x=173&y=64 HTTP/1.1\" 200 2151 \"http://localhost:3000/\" \"Mozilla/5.0 (X11; Linux x86_64; rv:74.0) Gecko/20100101 Firefox/74.0\"\n","level":"info","service":"user-service"}
{"message":"::1 - - [27/Mar/2020:11:14:03 +0000] \"GET /uploader.js HTTP/1.1\" 404 963 \"http://localhost:3000/?login=&x=173&y=64\" \"Mozilla/5.0 (X11; Linux x86_64; rv:74.0) Gecko/20100101 Firefox/74.0\"\n","level":"info","service":"user-service"}
{"message":"::1 - - [27/Mar/2020:11:14:03 +0000] \"GET /stylesheets/style.css HTTP/1.1\" 304 - \"http://localhost:3000/?login=&x=173&y=64\" \"Mozilla/5.0 (X11; Linux x86_64; rv:74.0) Gecko/20100101 Firefox/74.0\"\n","level":"info","service":"user-service"}
{"message":"::1 - - [27/Mar/2020:11:14:04 +0000] \"GET /images/siluet.jpg HTTP/1.1\" 200 17208 \"http://localhost:3000/?login=&x=173&y=64\" \"Mozilla/5.0 (X11; Linux x86_64; rv:74.0) Gecko/20100101 Firefox/74.0\"\n","level":"info","service":"user-service"}
{"message":"::1 - - [27/Mar/2020:11:15:07 +0000] \"POST /upload HTTP/1.1\" 404 963 \"http://localhost:3000/?login=&x=173&y=64\" \"Mozilla/5.0 (X11; Linux x86_64; rv:74.0) Gecko/20100101 Firefox/74.0\"\n","level":"info","service":"user-service"}
